<?xml version="1.0" encoding="UTF-8"?>
<!-- Generated by org.testng.reporters.JUnitReportReporter -->
<testsuite hostname="EPBYMINW3159" name="tests.MailSendTest" tests="1" failures="0" timestamp="10 Aug 2018 15:25:41 GMT" time="24.838" errors="0">
  <testcase name="mailRuMailSendingTest" time="24.838" classname="tests.MailSendTest"/>
</testsuite> <!-- tests.MailSendTest -->
