<?xml version="1.0" encoding="UTF-8"?>
<!-- Generated by org.testng.reporters.JUnitReportReporter -->
<testsuite hostname="EPBYMINW3159" name="tests.MailDeleteTest" tests="2" failures="0" timestamp="10 Aug 2018 15:25:41 GMT" time="12.841" errors="0">
  <testcase name="dragNDropMailTest" time="4.948" classname="tests.MailDeleteTest"/>
  <testcase name="mailRuMailDeleteTest" time="7.893" classname="tests.MailDeleteTest"/>
</testsuite> <!-- tests.MailDeleteTest -->
