<?xml version="1.0" encoding="UTF-8"?>
<!-- Generated by org.testng.reporters.JUnitReportReporter -->
<testsuite hostname="EPBYMINW3159" name="tests.MailCreationTest" tests="2" failures="0" timestamp="10 Aug 2018 15:25:41 GMT" time="7.650" errors="0">
  <testcase name="mailRuLoginTest" time="4.594" classname="tests.MailCreationTest"/>
  <testcase name="mailRuMailCreationTest" time="3.056" classname="tests.MailCreationTest"/>
</testsuite> <!-- tests.MailCreationTest -->
